

Started GET "/assets/rails.png" for 127.0.0.1 at 2013-03-08 23:43:02 +0200
Served asset /rails.png - 200 OK (43ms)


Started GET "/static_pages/hello" for 127.0.0.1 at 2013-03-08 23:49:41 +0200

ActionController::RoutingError (No route matches [GET] "/static_pages/hello"):
  vendor/bundle/gems/actionpack-3.2.3/lib/action_dispatch/middleware/debug_exceptions.rb:21:in `call'
  vendor/bundle/gems/actionpack-3.2.3/lib/action_dispatch/middleware/show_exceptions.rb:56:in `call'
  vendor/bundle/gems/railties-3.2.3/lib/rails/rack/logger.rb:26:in `call_app'
  vendor/bundle/gems/railties-3.2.3/lib/rails/rack/logger.rb:16:in `call'
  vendor/bundle/gems/actionpack-3.2.3/lib/action_dispatch/middleware/request_id.rb:22:in `call'
  vendor/bundle/gems/rack-1.4.5/lib/rack/methodoverride.rb:21:in `call'
  vendor/bundle/gems/rack-1.4.5/lib/rack/runtime.rb:17:in `call'
  vendor/bundle/gems/activesupport-3.2.3/lib/active_support/cache/strategy/local_cache.rb:72:in `call'
  vendor/bundle/gems/rack-1.4.5/lib/rack/lock.rb:15:in `call'
  vendor/bundle/gems/actionpack-3.2.3/lib/action_dispatch/middleware/static.rb:62:in `call'
  vendor/bundle/gems/railties-3.2.3/lib/rails/engine.rb:479:in `call'
  vendor/bundle/gems/railties-3.2.3/lib/rails/application.rb:220:in `call'
  vendor/bundle/gems/railties-3.2.3/lib/rails/railtie/configurable.rb:30:in `method_missing'
  /Users/aromasca/Library/Application Support/Pow/Versions/0.4.0/node_modules/nack/lib/nack/server.rb:147:in `handle'
  /Users/aromasca/Library/Application Support/Pow/Versions/0.4.0/node_modules/nack/lib/nack/server.rb:99:in `rescue in block (2 levels) in start'
  /Users/aromasca/Library/Application Support/Pow/Versions/0.4.0/node_modules/nack/lib/nack/server.rb:96:in `block (2 levels) in start'
  /Users/aromasca/Library/Application Support/Pow/Versions/0.4.0/node_modules/nack/lib/nack/server.rb:86:in `each'
  /Users/aromasca/Library/Application Support/Pow/Versions/0.4.0/node_modules/nack/lib/nack/server.rb:86:in `block in start'
  /Users/aromasca/Library/Application Support/Pow/Versions/0.4.0/node_modules/nack/lib/nack/server.rb:66:in `loop'
  /Users/aromasca/Library/Application Support/Pow/Versions/0.4.0/node_modules/nack/lib/nack/server.rb:66:in `start'
  /Users/aromasca/Library/Application Support/Pow/Versions/0.4.0/node_modules/nack/lib/nack/server.rb:13:in `run'
  /Users/aromasca/Library/Application Support/Pow/Versions/0.4.0/node_modules/nack/bin/nack_worker:4:in `<main>'


  Rendered vendor/bundle/gems/actionpack-3.2.3/lib/action_dispatch/middleware/templates/rescues/routing_error.erb within rescues/layout (3.6ms)


Started GET "/static_pages/home" for 127.0.0.1 at 2013-03-08 23:49:49 +0200
Processing by StaticPagesController#home as HTML
  Rendered static_pages/home.html.erb within layouts/application (0.4ms)
Compiled static_pages.css  (9ms)  (pid 79513)
Compiled application.css  (45ms)  (pid 79513)
Compiled jquery.js  (2ms)  (pid 79513)
Compiled jquery_ujs.js  (0ms)  (pid 79513)
Compiled static_pages.js  (107ms)  (pid 79513)
Compiled application.js  (180ms)  (pid 79513)
Completed 200 OK in 312ms (Views: 311.6ms | ActiveRecord: 0.0ms)


Started GET "/assets/application.css?body=1" for 127.0.0.1 at 2013-03-08 23:49:49 +0200
Served asset /application.css - 200 OK (4ms)


Started GET "/assets/jquery.js?body=1" for 127.0.0.1 at 2013-03-08 23:49:49 +0200
Served asset /jquery.js - 200 OK (3ms)


Started GET "/assets/static_pages.js?body=1" for 127.0.0.1 at 2013-03-08 23:49:49 +0200
Served asset /static_pages.js - 200 OK (12ms)


Started GET "/assets/static_pages.css?body=1" for 127.0.0.1 at 2013-03-08 23:49:52 +0200
Served asset /static_pages.css - 200 OK (3ms)


Started GET "/assets/application.js?body=1" for 127.0.0.1 at 2013-03-08 23:49:52 +0200
Served asset /application.js - 200 OK (7ms)


Started GET "/assets/jquery_ujs.js?body=1" for 127.0.0.1 at 2013-03-08 23:49:52 +0200
Served asset /jquery_ujs.js - 200 OK (2ms)


Started GET "/assets/rails.png" for 127.0.0.1 at 2013-03-09 01:51:45 +0200
Served asset /rails.png - 304 Not Modified (3ms)


Started GET "/home" for 127.0.0.1 at 2013-03-09 01:51:49 +0200

ActionController::RoutingError (No route matches [GET] "/home"):
  vendor/bundle/gems/actionpack-3.2.3/lib/action_dispatch/middleware/debug_exceptions.rb:21:in `call'
  vendor/bundle/gems/actionpack-3.2.3/lib/action_dispatch/middleware/show_exceptions.rb:56:in `call'
  vendor/bundle/gems/railties-3.2.3/lib/rails/rack/logger.rb:26:in `call_app'
  vendor/bundle/gems/railties-3.2.3/lib/rails/rack/logger.rb:16:in `call'
  vendor/bundle/gems/actionpack-3.2.3/lib/action_dispatch/middleware/request_id.rb:22:in `call'
  vendor/bundle/gems/rack-1.4.5/lib/rack/methodoverride.rb:21:in `call'
  vendor/bundle/gems/rack-1.4.5/lib/rack/runtime.rb:17:in `call'
  vendor/bundle/gems/activesupport-3.2.3/lib/active_support/cache/strategy/local_cache.rb:72:in `call'
  vendor/bundle/gems/rack-1.4.5/lib/rack/lock.rb:15:in `call'
  vendor/bundle/gems/actionpack-3.2.3/lib/action_dispatch/middleware/static.rb:62:in `call'
  vendor/bundle/gems/railties-3.2.3/lib/rails/engine.rb:479:in `call'
  vendor/bundle/gems/railties-3.2.3/lib/rails/application.rb:220:in `call'
  vendor/bundle/gems/railties-3.2.3/lib/rails/railtie/configurable.rb:30:in `method_missing'
  /Users/aromasca/Library/Application Support/Pow/Versions/0.4.0/node_modules/nack/lib/nack/server.rb:147:in `handle'
  /Users/aromasca/Library/Application Support/Pow/Versions/0.4.0/node_modules/nack/lib/nack/server.rb:99:in `rescue in block (2 levels) in start'
  /Users/aromasca/Library/Application Support/Pow/Versions/0.4.0/node_modules/nack/lib/nack/server.rb:96:in `block (2 levels) in start'
  /Users/aromasca/Library/Application Support/Pow/Versions/0.4.0/node_modules/nack/lib/nack/server.rb:86:in `each'
  /Users/aromasca/Library/Application Support/Pow/Versions/0.4.0/node_modules/nack/lib/nack/server.rb:86:in `block in start'
  /Users/aromasca/Library/Application Support/Pow/Versions/0.4.0/node_modules/nack/lib/nack/server.rb:66:in `loop'
  /Users/aromasca/Library/Application Support/Pow/Versions/0.4.0/node_modules/nack/lib/nack/server.rb:66:in `start'
  /Users/aromasca/Library/Application Support/Pow/Versions/0.4.0/node_modules/nack/lib/nack/server.rb:13:in `run'
  /Users/aromasca/Library/Application Support/Pow/Versions/0.4.0/node_modules/nack/bin/nack_worker:4:in `<main>'


  Rendered vendor/bundle/gems/actionpack-3.2.3/lib/action_dispatch/middleware/templates/rescues/routing_error.erb within rescues/layout (4.0ms)


Started GET "/static_pages/home" for 127.0.0.1 at 2013-03-09 01:51:59 +0200
Processing by StaticPagesController#home as HTML
  Rendered static_pages/home.html.erb (4.2ms)
Completed 200 OK in 26ms (Views: 25.0ms | ActiveRecord: 0.0ms)


Started GET "/static_pages/home" for 127.0.0.1 at 2013-03-09 16:00:14 +0200
Processing by StaticPagesController#home as HTML
  Rendered static_pages/home.html.erb within layouts/application (3.7ms)
Completed 200 OK in 44ms (Views: 43.2ms | ActiveRecord: 0.0ms)


Started GET "/assets/static_pages.js?body=1" for 127.0.0.1 at 2013-03-09 16:00:15 +0200
Served asset /static_pages.js - 304 Not Modified (2ms)


Started GET "/assets/application.js?body=1" for 127.0.0.1 at 2013-03-09 16:00:15 +0200
Served asset /application.js - 304 Not Modified (16ms)


Started GET "/assets/jquery.js?body=1" for 127.0.0.1 at 2013-03-09 16:00:15 +0200
Served asset /jquery.js - 304 Not Modified (7ms)


Started GET "/assets/jquery_ujs.js?body=1" for 127.0.0.1 at 2013-03-09 16:00:18 +0200
Served asset /jquery_ujs.js - 304 Not Modified (3ms)


Started GET "/assets/static_pages.css?body=1" for 127.0.0.1 at 2013-03-09 16:00:19 +0200
Served asset /static_pages.css - 304 Not Modified (2ms)


Started GET "/assets/application.css?body=1" for 127.0.0.1 at 2013-03-09 16:00:19 +0200
Served asset /application.css - 304 Not Modified (3ms)
